[   17811ms] [ERROR] %c << query #9 %cbase.getById%c %O 
    background-color: #3fb0d8;
    color: white;
    padding: 2px;
   
    background-color: #3fb0d8;
    color: white;
    padding: 2px;
  ; font-weight: bold; 
    background-color: #3fb0d8;
    color: white;
    padding: 2px;
  ; font-weight: normal; {input: Object, result: TRPCClientError: network error
    at TRPCClientError.from (http://localhost:3000/_next/static/chun…, elapsedMs: 17676, context: Object} @ http://localhost:3000/_next/static/chunks/node_modules_next_dist_b0daae9a._.js:2359
[   17825ms] [ERROR] %c << query #10 %crecord.listAll%c %O 
    background-color: #3fb0d8;
    color: white;
    padding: 2px;
   
    background-color: #3fb0d8;
    color: white;
    padding: 2px;
  ; font-weight: bold; 
    background-color: #3fb0d8;
    color: white;
    padding: 2px;
  ; font-weight: normal; {input: Object, result: TRPCClientError: network error
    at TRPCClientError.from (http://localhost:3000/_next/static/chun…, elapsedMs: 17692, context: Object} @ http://localhost:3000/_next/static/chunks/node_modules_next_dist_b0daae9a._.js:2359
[   17826ms] [ERROR] %c << query #11 %cview.getByTable%c %O 
    background-color: #3fb0d8;
    color: white;
    padding: 2px;
   
    background-color: #3fb0d8;
    color: white;
    padding: 2px;
  ; font-weight: bold; 
    background-color: #3fb0d8;
    color: white;
    padding: 2px;
  ; font-weight: normal; {input: Object, result: TRPCClientError: network error
    at TRPCClientError.from (http://localhost:3000/_next/static/chun…, elapsedMs: 17532, context: Object} @ http://localhost:3000/_next/static/chunks/node_modules_next_dist_b0daae9a._.js:2359
