[    4045ms] [ERROR] %c << query #4 %cbase.getById%c %O 
    background-color: #3fb0d8;
    color: white;
    padding: 2px;
   
    background-color: #3fb0d8;
    color: white;
    padding: 2px;
  ; font-weight: bold; 
    background-color: #3fb0d8;
    color: white;
    padding: 2px;
  ; font-weight: normal; {input: Object, result: TRPCClientError: network error
    at TRPCClientError.from (http://localhost:3000/_next/static/chun…, elapsedMs: 3862, context: Object} @ http://localhost:3000/_next/static/chunks/node_modules_next_dist_b0daae9a._.js:2359
[    4046ms] [ERROR] %c << query #5 %crecord.listAll%c %O 
    background-color: #3fb0d8;
    color: white;
    padding: 2px;
   
    background-color: #3fb0d8;
    color: white;
    padding: 2px;
  ; font-weight: bold; 
    background-color: #3fb0d8;
    color: white;
    padding: 2px;
  ; font-weight: normal; {input: Object, result: TRPCClientError: network error
    at TRPCClientError.from (http://localhost:3000/_next/static/chun…, elapsedMs: 3871, context: Object} @ http://localhost:3000/_next/static/chunks/node_modules_next_dist_b0daae9a._.js:2359
[    4046ms] [ERROR] %c << query #6 %cview.getByTable%c %O 
    background-color: #3fb0d8;
    color: white;
    padding: 2px;
   
    background-color: #3fb0d8;
    color: white;
    padding: 2px;
  ; font-weight: bold; 
    background-color: #3fb0d8;
    color: white;
    padding: 2px;
  ; font-weight: normal; {input: Object, result: TRPCClientError: network error
    at TRPCClientError.from (http://localhost:3000/_next/static/chun…, elapsedMs: 3765, context: Object} @ http://localhost:3000/_next/static/chunks/node_modules_next_dist_b0daae9a._.js:2359
[  410216ms] [ERROR] ./src/features/base/components/BaseView.tsx:515:6
Parsing ecmascript source code failed
  513 |         </div>
  514 |       </div>
> 515 |     </div>
      |      ^^^^^
  516 |   );
  517 | }
  518 |

Unterminated regexp literal

Import trace:
  Server Component:
    ./src/features/base/components/BaseView.tsx
    ./src/app/base/[baseId]/page.tsx @ http://localhost:3000/_next/static/chunks/node_modules_next_dist_b0daae9a._.js:2359
[  413032ms] [ERROR] ./src/features/base/components/BaseView.tsx:515:6
Parsing ecmascript source code failed
  513 |         </div>
  514 |       </div>
> 515 |     </div>
      |      ^^^^^
  516 |   );
  517 | }
  518 |

Unterminated regexp literal

Import trace:
  Server Component:
    ./src/features/base/components/BaseView.tsx
    ./src/app/base/[baseId]/page.tsx @ http://localhost:3000/_next/static/chunks/node_modules_next_dist_b0daae9a._.js:2359
[  413335ms] [ERROR] ./src/features/base/components/BaseView.tsx:515:6
Parsing ecmascript source code failed
  513 |         </div>
  514 |       </div>
> 515 |     </div>
      |      ^^^^^
  516 |   );
  517 | }
  518 |

Unterminated regexp literal

Import trace:
  Server Component:
    ./src/features/base/components/BaseView.tsx
    ./src/app/base/[baseId]/page.tsx @ http://localhost:3000/_next/static/chunks/node_modules_next_dist_b0daae9a._.js:2359
